  GraphicHandler.cpp
C:\Users\kbald\Desktop\Projects\SDL2 PROJECTS\VS_sdl2_projects\Battleship_tryOuts\Battleship_tryOuts\Game.h(22,54): warning C4042: 'previoussq_x': has bad storage class
C:\Users\kbald\Desktop\Projects\SDL2 PROJECTS\VS_sdl2_projects\Battleship_tryOuts\Battleship_tryOuts\Game.h(22,81): warning C4042: 'previoussq_y': has bad storage class
C:\Users\kbald\Desktop\Projects\SDL2 PROJECTS\VS_sdl2_projects\Battleship_tryOuts\Battleship_tryOuts\Game.h(24,56): warning C4042: 'previoussq_x': has bad storage class
C:\Users\kbald\Desktop\Projects\SDL2 PROJECTS\VS_sdl2_projects\Battleship_tryOuts\Battleship_tryOuts\Game.h(24,83): warning C4042: 'previoussq_y': has bad storage class
C:\Users\kbald\Desktop\Projects\SDL2 PROJECTS\VS_sdl2_projects\Battleship_tryOuts\Battleship_tryOuts\Game.h(26,54): warning C4042: 'previoussq_x': has bad storage class
C:\Users\kbald\Desktop\Projects\SDL2 PROJECTS\VS_sdl2_projects\Battleship_tryOuts\Battleship_tryOuts\Game.h(26,81): warning C4042: 'previoussq_y': has bad storage class
C:\Users\kbald\Desktop\Projects\SDL2 PROJECTS\VS_sdl2_projects\Battleship_tryOuts\Battleship_tryOuts\GraphicHandler.h(36,92): warning C4042: 'data': has bad storage class
C:\Users\kbald\Desktop\Projects\SDL2 PROJECTS\VS_sdl2_projects\Battleship_tryOuts\Battleship_tryOuts\GraphicHandler.cpp(17,52): warning C4305: 'argument': truncation from 'double' to 'float'
C:\Users\kbald\Desktop\Projects\SDL2 PROJECTS\VS_sdl2_projects\Battleship_tryOuts\Battleship_tryOuts\GraphicHandler.cpp(57,27): warning C4267: '=': conversion from 'size_t' to 'int', possible loss of data
C:\Users\kbald\Desktop\Projects\SDL2 PROJECTS\VS_sdl2_projects\Battleship_tryOuts\Battleship_tryOuts\GraphicHandler.cpp(88,43): warning C4305: 'argument': truncation from 'double' to 'float'
C:\Users\kbald\Desktop\Projects\SDL2 PROJECTS\VS_sdl2_projects\Battleship_tryOuts\Battleship_tryOuts\GraphicHandler.cpp(189,142): warning C4244: 'argument': conversion from 'int' to 'float', possible loss of data
C:\Users\kbald\Desktop\Projects\SDL2 PROJECTS\VS_sdl2_projects\Battleship_tryOuts\Battleship_tryOuts\GraphicHandler.cpp(193,127): warning C4244: 'argument': conversion from 'int' to 'float', possible loss of data
C:\Users\kbald\Desktop\Projects\SDL2 PROJECTS\VS_sdl2_projects\Battleship_tryOuts\Battleship_tryOuts\GraphicHandler.cpp(202,130): warning C4244: 'argument': conversion from 'int' to 'float', possible loss of data
C:\Users\kbald\Desktop\Projects\SDL2 PROJECTS\VS_sdl2_projects\Battleship_tryOuts\Battleship_tryOuts\GraphicHandler.cpp(207,114): warning C4244: 'argument': conversion from 'int' to 'float', possible loss of data
C:\Users\kbald\Desktop\Projects\SDL2 PROJECTS\VS_sdl2_projects\Battleship_tryOuts\Battleship_tryOuts\GraphicHandler.cpp(217,149): warning C4244: 'argument': conversion from 'int' to 'float', possible loss of data
C:\Users\kbald\Desktop\Projects\SDL2 PROJECTS\VS_sdl2_projects\Battleship_tryOuts\Battleship_tryOuts\GraphicHandler.cpp(221,128): warning C4244: 'argument': conversion from 'int' to 'float', possible loss of data
C:\Users\kbald\Desktop\Projects\SDL2 PROJECTS\VS_sdl2_projects\Battleship_tryOuts\Battleship_tryOuts\GraphicHandler.cpp(230,132): warning C4244: 'argument': conversion from 'int' to 'float', possible loss of data
C:\Users\kbald\Desktop\Projects\SDL2 PROJECTS\VS_sdl2_projects\Battleship_tryOuts\Battleship_tryOuts\GraphicHandler.cpp(235,115): warning C4244: 'argument': conversion from 'int' to 'float', possible loss of data
C:\Users\kbald\Desktop\Projects\SDL2 PROJECTS\VS_sdl2_projects\Battleship_tryOuts\Battleship_tryOuts\GraphicHandler.cpp(246,147): warning C4244: 'argument': conversion from 'int' to 'float', possible loss of data
C:\Users\kbald\Desktop\Projects\SDL2 PROJECTS\VS_sdl2_projects\Battleship_tryOuts\Battleship_tryOuts\GraphicHandler.cpp(250,127): warning C4244: 'argument': conversion from 'int' to 'float', possible loss of data
C:\Users\kbald\Desktop\Projects\SDL2 PROJECTS\VS_sdl2_projects\Battleship_tryOuts\Battleship_tryOuts\GraphicHandler.cpp(259,133): warning C4244: 'argument': conversion from 'int' to 'float', possible loss of data
C:\Users\kbald\Desktop\Projects\SDL2 PROJECTS\VS_sdl2_projects\Battleship_tryOuts\Battleship_tryOuts\GraphicHandler.cpp(264,114): warning C4244: 'argument': conversion from 'int' to 'float', possible loss of data
C:\Users\kbald\Desktop\Projects\SDL2 PROJECTS\VS_sdl2_projects\Battleship_tryOuts\Battleship_tryOuts\GraphicHandler.cpp(272,125): warning C4305: 'argument': truncation from 'double' to 'float'
C:\Users\kbald\Desktop\Projects\SDL2 PROJECTS\VS_sdl2_projects\Battleship_tryOuts\Battleship_tryOuts\GraphicHandler.cpp(292,150): warning C4305: 'argument': truncation from 'double' to 'float'
C:\Users\kbald\Desktop\Projects\SDL2 PROJECTS\VS_sdl2_projects\Battleship_tryOuts\Battleship_tryOuts\GraphicHandler.cpp(297,152): warning C4305: 'argument': truncation from 'double' to 'float'
C:\Users\kbald\Desktop\Projects\SDL2 PROJECTS\VS_sdl2_projects\Battleship_tryOuts\Battleship_tryOuts\GraphicHandler.cpp(303,150): warning C4305: 'argument': truncation from 'double' to 'float'
C:\Users\kbald\Desktop\Projects\SDL2 PROJECTS\VS_sdl2_projects\Battleship_tryOuts\Battleship_tryOuts\GraphicHandler.cpp(350,85): warning C4305: 'argument': truncation from 'double' to 'float'
C:\Users\kbald\Desktop\Projects\SDL2 PROJECTS\VS_sdl2_projects\Battleship_tryOuts\Battleship_tryOuts\GraphicHandler.cpp(428,79): warning C4244: 'argument': conversion from 'int' to 'float', possible loss of data
C:\Users\kbald\Desktop\Projects\SDL2 PROJECTS\VS_sdl2_projects\Battleship_tryOuts\Battleship_tryOuts\GraphicHandler.cpp(479,109): warning C4042: 'data': has bad storage class
C:\Users\kbald\Desktop\Projects\SDL2 PROJECTS\VS_sdl2_projects\Battleship_tryOuts\Battleship_tryOuts\GraphicHandler.cpp(546,24): warning C4244: '=': conversion from 'float' to 'int', possible loss of data
C:\Users\kbald\Desktop\Projects\SDL2 PROJECTS\VS_sdl2_projects\Battleship_tryOuts\Battleship_tryOuts\GraphicHandler.cpp(547,24): warning C4244: '=': conversion from 'float' to 'int', possible loss of data
  Mainloop.cpp
C:\Users\kbald\Desktop\Projects\SDL2 PROJECTS\VS_sdl2_projects\Battleship_tryOuts\Battleship_tryOuts\Game.h(22,54): warning C4042: 'previoussq_x': has bad storage class
C:\Users\kbald\Desktop\Projects\SDL2 PROJECTS\VS_sdl2_projects\Battleship_tryOuts\Battleship_tryOuts\Game.h(22,81): warning C4042: 'previoussq_y': has bad storage class
C:\Users\kbald\Desktop\Projects\SDL2 PROJECTS\VS_sdl2_projects\Battleship_tryOuts\Battleship_tryOuts\Game.h(24,56): warning C4042: 'previoussq_x': has bad storage class
C:\Users\kbald\Desktop\Projects\SDL2 PROJECTS\VS_sdl2_projects\Battleship_tryOuts\Battleship_tryOuts\Game.h(24,83): warning C4042: 'previoussq_y': has bad storage class
C:\Users\kbald\Desktop\Projects\SDL2 PROJECTS\VS_sdl2_projects\Battleship_tryOuts\Battleship_tryOuts\Game.h(26,54): warning C4042: 'previoussq_x': has bad storage class
C:\Users\kbald\Desktop\Projects\SDL2 PROJECTS\VS_sdl2_projects\Battleship_tryOuts\Battleship_tryOuts\Game.h(26,81): warning C4042: 'previoussq_y': has bad storage class
  Game.cpp
C:\Users\kbald\Desktop\Projects\SDL2 PROJECTS\VS_sdl2_projects\Battleship_tryOuts\Battleship_tryOuts\Game.h(22,54): warning C4042: 'previoussq_x': has bad storage class
C:\Users\kbald\Desktop\Projects\SDL2 PROJECTS\VS_sdl2_projects\Battleship_tryOuts\Battleship_tryOuts\Game.h(22,81): warning C4042: 'previoussq_y': has bad storage class
C:\Users\kbald\Desktop\Projects\SDL2 PROJECTS\VS_sdl2_projects\Battleship_tryOuts\Battleship_tryOuts\Game.h(24,56): warning C4042: 'previoussq_x': has bad storage class
C:\Users\kbald\Desktop\Projects\SDL2 PROJECTS\VS_sdl2_projects\Battleship_tryOuts\Battleship_tryOuts\Game.h(24,83): warning C4042: 'previoussq_y': has bad storage class
C:\Users\kbald\Desktop\Projects\SDL2 PROJECTS\VS_sdl2_projects\Battleship_tryOuts\Battleship_tryOuts\Game.h(26,54): warning C4042: 'previoussq_x': has bad storage class
C:\Users\kbald\Desktop\Projects\SDL2 PROJECTS\VS_sdl2_projects\Battleship_tryOuts\Battleship_tryOuts\Game.h(26,81): warning C4042: 'previoussq_y': has bad storage class
C:\Users\kbald\Desktop\Projects\SDL2 PROJECTS\VS_sdl2_projects\Battleship_tryOuts\Battleship_tryOuts\Game.cpp(12,57): warning C4042: 'previoussq_x': has bad storage class
C:\Users\kbald\Desktop\Projects\SDL2 PROJECTS\VS_sdl2_projects\Battleship_tryOuts\Battleship_tryOuts\Game.cpp(12,84): warning C4042: 'previoussq_y': has bad storage class
C:\Users\kbald\Desktop\Projects\SDL2 PROJECTS\VS_sdl2_projects\Battleship_tryOuts\Battleship_tryOuts\Game.cpp(23,63): warning C4244: '=': conversion from 'int' to 'float', possible loss of data
C:\Users\kbald\Desktop\Projects\SDL2 PROJECTS\VS_sdl2_projects\Battleship_tryOuts\Battleship_tryOuts\Game.cpp(24,62): warning C4244: '=': conversion from 'int' to 'float', possible loss of data
C:\Users\kbald\Desktop\Projects\SDL2 PROJECTS\VS_sdl2_projects\Battleship_tryOuts\Battleship_tryOuts\Game.cpp(25,63): warning C4244: '=': conversion from 'int' to 'float', possible loss of data
C:\Users\kbald\Desktop\Projects\SDL2 PROJECTS\VS_sdl2_projects\Battleship_tryOuts\Battleship_tryOuts\Game.cpp(26,62): warning C4244: '=': conversion from 'int' to 'float', possible loss of data
C:\Users\kbald\Desktop\Projects\SDL2 PROJECTS\VS_sdl2_projects\Battleship_tryOuts\Battleship_tryOuts\Game.cpp(32,110): warning C4244: '=': conversion from 'int' to 'float', possible loss of data
C:\Users\kbald\Desktop\Projects\SDL2 PROJECTS\VS_sdl2_projects\Battleship_tryOuts\Battleship_tryOuts\Game.cpp(36,64): warning C4244: '=': conversion from 'int' to 'float', possible loss of data
C:\Users\kbald\Desktop\Projects\SDL2 PROJECTS\VS_sdl2_projects\Battleship_tryOuts\Battleship_tryOuts\Game.cpp(43,116): warning C4244: '=': conversion from 'int' to 'float', possible loss of data
C:\Users\kbald\Desktop\Projects\SDL2 PROJECTS\VS_sdl2_projects\Battleship_tryOuts\Battleship_tryOuts\Game.cpp(47,117): warning C4244: '=': conversion from 'int' to 'float', possible loss of data
C:\Users\kbald\Desktop\Projects\SDL2 PROJECTS\VS_sdl2_projects\Battleship_tryOuts\Battleship_tryOuts\Game.cpp(52,65): warning C4244: '=': conversion from 'int' to 'float', possible loss of data
C:\Users\kbald\Desktop\Projects\SDL2 PROJECTS\VS_sdl2_projects\Battleship_tryOuts\Battleship_tryOuts\Game.cpp(60,110): warning C4244: '=': conversion from 'int' to 'float', possible loss of data
C:\Users\kbald\Desktop\Projects\SDL2 PROJECTS\VS_sdl2_projects\Battleship_tryOuts\Battleship_tryOuts\Game.cpp(64,64): warning C4244: '=': conversion from 'int' to 'float', possible loss of data
C:\Users\kbald\Desktop\Projects\SDL2 PROJECTS\VS_sdl2_projects\Battleship_tryOuts\Battleship_tryOuts\Game.cpp(72,116): warning C4244: '=': conversion from 'int' to 'float', possible loss of data
C:\Users\kbald\Desktop\Projects\SDL2 PROJECTS\VS_sdl2_projects\Battleship_tryOuts\Battleship_tryOuts\Game.cpp(77,117): warning C4244: '=': conversion from 'int' to 'float', possible loss of data
C:\Users\kbald\Desktop\Projects\SDL2 PROJECTS\VS_sdl2_projects\Battleship_tryOuts\Battleship_tryOuts\Game.cpp(83,65): warning C4244: '=': conversion from 'int' to 'float', possible loss of data
C:\Users\kbald\Desktop\Projects\SDL2 PROJECTS\VS_sdl2_projects\Battleship_tryOuts\Battleship_tryOuts\Game.cpp(89,58): warning C4244: 'argument': conversion from 'float' to 'int', possible loss of data
C:\Users\kbald\Desktop\Projects\SDL2 PROJECTS\VS_sdl2_projects\Battleship_tryOuts\Battleship_tryOuts\Game.cpp(89,46): warning C4244: 'argument': conversion from 'float' to 'int', possible loss of data
C:\Users\kbald\Desktop\Projects\SDL2 PROJECTS\VS_sdl2_projects\Battleship_tryOuts\Battleship_tryOuts\Game.cpp(90,58): warning C4244: 'argument': conversion from 'float' to 'int', possible loss of data
C:\Users\kbald\Desktop\Projects\SDL2 PROJECTS\VS_sdl2_projects\Battleship_tryOuts\Battleship_tryOuts\Game.cpp(90,46): warning C4244: 'argument': conversion from 'float' to 'int', possible loss of data
C:\Users\kbald\Desktop\Projects\SDL2 PROJECTS\VS_sdl2_projects\Battleship_tryOuts\Battleship_tryOuts\Game.cpp(109,60): warning C4042: 'previoussq_x': has bad storage class
C:\Users\kbald\Desktop\Projects\SDL2 PROJECTS\VS_sdl2_projects\Battleship_tryOuts\Battleship_tryOuts\Game.cpp(109,88): warning C4042: 'previoussq_y': has bad storage class
C:\Users\kbald\Desktop\Projects\SDL2 PROJECTS\VS_sdl2_projects\Battleship_tryOuts\Battleship_tryOuts\Game.cpp(120,63): warning C4244: '=': conversion from 'int' to 'float', possible loss of data
C:\Users\kbald\Desktop\Projects\SDL2 PROJECTS\VS_sdl2_projects\Battleship_tryOuts\Battleship_tryOuts\Game.cpp(121,62): warning C4244: '=': conversion from 'int' to 'float', possible loss of data
C:\Users\kbald\Desktop\Projects\SDL2 PROJECTS\VS_sdl2_projects\Battleship_tryOuts\Battleship_tryOuts\Game.cpp(122,63): warning C4244: '=': conversion from 'int' to 'float', possible loss of data
C:\Users\kbald\Desktop\Projects\SDL2 PROJECTS\VS_sdl2_projects\Battleship_tryOuts\Battleship_tryOuts\Game.cpp(123,62): warning C4244: '=': conversion from 'int' to 'float', possible loss of data
C:\Users\kbald\Desktop\Projects\SDL2 PROJECTS\VS_sdl2_projects\Battleship_tryOuts\Battleship_tryOuts\Game.cpp(129,110): warning C4244: '=': conversion from 'int' to 'float', possible loss of data
C:\Users\kbald\Desktop\Projects\SDL2 PROJECTS\VS_sdl2_projects\Battleship_tryOuts\Battleship_tryOuts\Game.cpp(133,64): warning C4244: '=': conversion from 'int' to 'float', possible loss of data
C:\Users\kbald\Desktop\Projects\SDL2 PROJECTS\VS_sdl2_projects\Battleship_tryOuts\Battleship_tryOuts\Game.cpp(140,116): warning C4244: '=': conversion from 'int' to 'float', possible loss of data
C:\Users\kbald\Desktop\Projects\SDL2 PROJECTS\VS_sdl2_projects\Battleship_tryOuts\Battleship_tryOuts\Game.cpp(144,117): warning C4244: '=': conversion from 'int' to 'float', possible loss of data
C:\Users\kbald\Desktop\Projects\SDL2 PROJECTS\VS_sdl2_projects\Battleship_tryOuts\Battleship_tryOuts\Game.cpp(149,65): warning C4244: '=': conversion from 'int' to 'float', possible loss of data
C:\Users\kbald\Desktop\Projects\SDL2 PROJECTS\VS_sdl2_projects\Battleship_tryOuts\Battleship_tryOuts\Game.cpp(157,110): warning C4244: '=': conversion from 'int' to 'float', possible loss of data
C:\Users\kbald\Desktop\Projects\SDL2 PROJECTS\VS_sdl2_projects\Battleship_tryOuts\Battleship_tryOuts\Game.cpp(161,64): warning C4244: '=': conversion from 'int' to 'float', possible loss of data
C:\Users\kbald\Desktop\Projects\SDL2 PROJECTS\VS_sdl2_projects\Battleship_tryOuts\Battleship_tryOuts\Game.cpp(169,116): warning C4244: '=': conversion from 'int' to 'float', possible loss of data
C:\Users\kbald\Desktop\Projects\SDL2 PROJECTS\VS_sdl2_projects\Battleship_tryOuts\Battleship_tryOuts\Game.cpp(174,117): warning C4244: '=': conversion from 'int' to 'float', possible loss of data
C:\Users\kbald\Desktop\Projects\SDL2 PROJECTS\VS_sdl2_projects\Battleship_tryOuts\Battleship_tryOuts\Game.cpp(180,65): warning C4244: '=': conversion from 'int' to 'float', possible loss of data
C:\Users\kbald\Desktop\Projects\SDL2 PROJECTS\VS_sdl2_projects\Battleship_tryOuts\Battleship_tryOuts\Game.cpp(188,58): warning C4244: 'argument': conversion from 'float' to 'int', possible loss of data
C:\Users\kbald\Desktop\Projects\SDL2 PROJECTS\VS_sdl2_projects\Battleship_tryOuts\Battleship_tryOuts\Game.cpp(188,46): warning C4244: 'argument': conversion from 'float' to 'int', possible loss of data
C:\Users\kbald\Desktop\Projects\SDL2 PROJECTS\VS_sdl2_projects\Battleship_tryOuts\Battleship_tryOuts\Game.cpp(189,58): warning C4244: 'argument': conversion from 'float' to 'int', possible loss of data
C:\Users\kbald\Desktop\Projects\SDL2 PROJECTS\VS_sdl2_projects\Battleship_tryOuts\Battleship_tryOuts\Game.cpp(189,46): warning C4244: 'argument': conversion from 'float' to 'int', possible loss of data
C:\Users\kbald\Desktop\Projects\SDL2 PROJECTS\VS_sdl2_projects\Battleship_tryOuts\Battleship_tryOuts\Game.cpp(211,57): warning C4042: 'previoussq_x': has bad storage class
C:\Users\kbald\Desktop\Projects\SDL2 PROJECTS\VS_sdl2_projects\Battleship_tryOuts\Battleship_tryOuts\Game.cpp(211,84): warning C4042: 'previoussq_y': has bad storage class
C:\Users\kbald\Desktop\Projects\SDL2 PROJECTS\VS_sdl2_projects\Battleship_tryOuts\Battleship_tryOuts\Game.cpp(222,63): warning C4244: '=': conversion from 'int' to 'float', possible loss of data
C:\Users\kbald\Desktop\Projects\SDL2 PROJECTS\VS_sdl2_projects\Battleship_tryOuts\Battleship_tryOuts\Game.cpp(223,62): warning C4244: '=': conversion from 'int' to 'float', possible loss of data
C:\Users\kbald\Desktop\Projects\SDL2 PROJECTS\VS_sdl2_projects\Battleship_tryOuts\Battleship_tryOuts\Game.cpp(224,63): warning C4244: '=': conversion from 'int' to 'float', possible loss of data
C:\Users\kbald\Desktop\Projects\SDL2 PROJECTS\VS_sdl2_projects\Battleship_tryOuts\Battleship_tryOuts\Game.cpp(225,62): warning C4244: '=': conversion from 'int' to 'float', possible loss of data
C:\Users\kbald\Desktop\Projects\SDL2 PROJECTS\VS_sdl2_projects\Battleship_tryOuts\Battleship_tryOuts\Game.cpp(231,110): warning C4244: '=': conversion from 'int' to 'float', possible loss of data
C:\Users\kbald\Desktop\Projects\SDL2 PROJECTS\VS_sdl2_projects\Battleship_tryOuts\Battleship_tryOuts\Game.cpp(235,64): warning C4244: '=': conversion from 'int' to 'float', possible loss of data
C:\Users\kbald\Desktop\Projects\SDL2 PROJECTS\VS_sdl2_projects\Battleship_tryOuts\Battleship_tryOuts\Game.cpp(242,116): warning C4244: '=': conversion from 'int' to 'float', possible loss of data
C:\Users\kbald\Desktop\Projects\SDL2 PROJECTS\VS_sdl2_projects\Battleship_tryOuts\Battleship_tryOuts\Game.cpp(246,117): warning C4244: '=': conversion from 'int' to 'float', possible loss of data
C:\Users\kbald\Desktop\Projects\SDL2 PROJECTS\VS_sdl2_projects\Battleship_tryOuts\Battleship_tryOuts\Game.cpp(251,65): warning C4244: '=': conversion from 'int' to 'float', possible loss of data
C:\Users\kbald\Desktop\Projects\SDL2 PROJECTS\VS_sdl2_projects\Battleship_tryOuts\Battleship_tryOuts\Game.cpp(259,110): warning C4244: '=': conversion from 'int' to 'float', possible loss of data
C:\Users\kbald\Desktop\Projects\SDL2 PROJECTS\VS_sdl2_projects\Battleship_tryOuts\Battleship_tryOuts\Game.cpp(263,64): warning C4244: '=': conversion from 'int' to 'float', possible loss of data
C:\Users\kbald\Desktop\Projects\SDL2 PROJECTS\VS_sdl2_projects\Battleship_tryOuts\Battleship_tryOuts\Game.cpp(271,116): warning C4244: '=': conversion from 'int' to 'float', possible loss of data
C:\Users\kbald\Desktop\Projects\SDL2 PROJECTS\VS_sdl2_projects\Battleship_tryOuts\Battleship_tryOuts\Game.cpp(276,117): warning C4244: '=': conversion from 'int' to 'float', possible loss of data
C:\Users\kbald\Desktop\Projects\SDL2 PROJECTS\VS_sdl2_projects\Battleship_tryOuts\Battleship_tryOuts\Game.cpp(282,65): warning C4244: '=': conversion from 'int' to 'float', possible loss of data
C:\Users\kbald\Desktop\Projects\SDL2 PROJECTS\VS_sdl2_projects\Battleship_tryOuts\Battleship_tryOuts\Game.cpp(290,58): warning C4244: 'argument': conversion from 'float' to 'int', possible loss of data
C:\Users\kbald\Desktop\Projects\SDL2 PROJECTS\VS_sdl2_projects\Battleship_tryOuts\Battleship_tryOuts\Game.cpp(290,46): warning C4244: 'argument': conversion from 'float' to 'int', possible loss of data
C:\Users\kbald\Desktop\Projects\SDL2 PROJECTS\VS_sdl2_projects\Battleship_tryOuts\Battleship_tryOuts\Game.cpp(291,58): warning C4244: 'argument': conversion from 'float' to 'int', possible loss of data
C:\Users\kbald\Desktop\Projects\SDL2 PROJECTS\VS_sdl2_projects\Battleship_tryOuts\Battleship_tryOuts\Game.cpp(291,46): warning C4244: 'argument': conversion from 'float' to 'int', possible loss of data
  Main.cpp
C:\Users\kbald\Desktop\Projects\SDL2 PROJECTS\VS_sdl2_projects\Battleship_tryOuts\Battleship_tryOuts\Game.h(22,54): warning C4042: 'previoussq_x': has bad storage class
C:\Users\kbald\Desktop\Projects\SDL2 PROJECTS\VS_sdl2_projects\Battleship_tryOuts\Battleship_tryOuts\Game.h(22,81): warning C4042: 'previoussq_y': has bad storage class
C:\Users\kbald\Desktop\Projects\SDL2 PROJECTS\VS_sdl2_projects\Battleship_tryOuts\Battleship_tryOuts\Game.h(24,56): warning C4042: 'previoussq_x': has bad storage class
C:\Users\kbald\Desktop\Projects\SDL2 PROJECTS\VS_sdl2_projects\Battleship_tryOuts\Battleship_tryOuts\Game.h(24,83): warning C4042: 'previoussq_y': has bad storage class
C:\Users\kbald\Desktop\Projects\SDL2 PROJECTS\VS_sdl2_projects\Battleship_tryOuts\Battleship_tryOuts\Game.h(26,54): warning C4042: 'previoussq_x': has bad storage class
C:\Users\kbald\Desktop\Projects\SDL2 PROJECTS\VS_sdl2_projects\Battleship_tryOuts\Battleship_tryOuts\Game.h(26,81): warning C4042: 'previoussq_y': has bad storage class
C:\Users\kbald\Desktop\Projects\SDL2 PROJECTS\VS_sdl2_projects\Battleship_tryOuts\Battleship_tryOuts\GraphicHandler.h(36,92): warning C4042: 'data': has bad storage class
C:\Users\kbald\Desktop\Projects\SDL2 PROJECTS\VS_sdl2_projects\Battleship_tryOuts\Battleship_tryOuts\Main.cpp(289,62): warning C4305: 'argument': truncation from 'double' to 'float'
C:\Users\kbald\Desktop\Projects\SDL2 PROJECTS\VS_sdl2_projects\Battleship_tryOuts\Battleship_tryOuts\Main.cpp(291,113): warning C4244: 'argument': conversion from 'float' to 'int', possible loss of data
C:\Users\kbald\Desktop\Projects\SDL2 PROJECTS\VS_sdl2_projects\Battleship_tryOuts\Battleship_tryOuts\Main.cpp(297,100): warning C4305: 'argument': truncation from 'double' to 'float'
C:\Users\kbald\Desktop\Projects\SDL2 PROJECTS\VS_sdl2_projects\Battleship_tryOuts\Battleship_tryOuts\Main.cpp(307,81): warning C4305: 'argument': truncation from 'double' to 'float'
C:\Users\kbald\Desktop\Projects\SDL2 PROJECTS\VS_sdl2_projects\Battleship_tryOuts\Battleship_tryOuts\Main.cpp(43,7): warning C4101: 'newgame': unreferenced local variable
C:\Users\kbald\Desktop\Projects\SDL2 PROJECTS\VS_sdl2_projects\Battleship_tryOuts\Battleship_tryOuts\Main.cpp(70,22): warning C4101: 'headoffinalsquare': unreferenced local variable
C:\Users\kbald\Desktop\Projects\SDL2 PROJECTS\VS_sdl2_projects\Battleship_tryOuts\Battleship_tryOuts\Main.cpp(45,10): warning C4101: 'head': unreferenced local variable
  Squarelib.cpp
C:\Users\kbald\Desktop\Projects\SDL2 PROJECTS\VS_sdl2_projects\Battleship_tryOuts\Battleship_tryOuts\Game.h(22,54): warning C4042: 'previoussq_x': has bad storage class
C:\Users\kbald\Desktop\Projects\SDL2 PROJECTS\VS_sdl2_projects\Battleship_tryOuts\Battleship_tryOuts\Game.h(22,81): warning C4042: 'previoussq_y': has bad storage class
C:\Users\kbald\Desktop\Projects\SDL2 PROJECTS\VS_sdl2_projects\Battleship_tryOuts\Battleship_tryOuts\Game.h(24,56): warning C4042: 'previoussq_x': has bad storage class
C:\Users\kbald\Desktop\Projects\SDL2 PROJECTS\VS_sdl2_projects\Battleship_tryOuts\Battleship_tryOuts\Game.h(24,83): warning C4042: 'previoussq_y': has bad storage class
C:\Users\kbald\Desktop\Projects\SDL2 PROJECTS\VS_sdl2_projects\Battleship_tryOuts\Battleship_tryOuts\Game.h(26,54): warning C4042: 'previoussq_x': has bad storage class
C:\Users\kbald\Desktop\Projects\SDL2 PROJECTS\VS_sdl2_projects\Battleship_tryOuts\Battleship_tryOuts\Game.h(26,81): warning C4042: 'previoussq_y': has bad storage class
C:\Users\kbald\Desktop\Projects\SDL2 PROJECTS\VS_sdl2_projects\Battleship_tryOuts\Battleship_tryOuts\Squarelib.cpp(274,20): warning C4244: 'argument': conversion from 'time_t' to 'unsigned int', possible loss of data
C:\Users\kbald\Desktop\Projects\SDL2 PROJECTS\VS_sdl2_projects\Battleship_tryOuts\Battleship_tryOuts\Squarelib.cpp(309,17): warning C4804: '<': unsafe use of type 'bool' in operation
C:\Users\kbald\Desktop\Projects\SDL2 PROJECTS\VS_sdl2_projects\Battleship_tryOuts\Battleship_tryOuts\Squarelib.cpp(309,54): warning C4804: '<': unsafe use of type 'bool' in operation
C:\Users\kbald\Desktop\Projects\SDL2 PROJECTS\VS_sdl2_projects\Battleship_tryOuts\Battleship_tryOuts\Squarelib.cpp(397,24): warning C4244: '=': conversion from 'float' to 'int', possible loss of data
C:\Users\kbald\Desktop\Projects\SDL2 PROJECTS\VS_sdl2_projects\Battleship_tryOuts\Battleship_tryOuts\Squarelib.cpp(398,24): warning C4244: '=': conversion from 'float' to 'int', possible loss of data
  Generating code
  Previous IPDB was built with incompatible compiler, fall back to full compilation.
  All 195 functions were compiled because no usable IPDB/IOBJ from previous compilation was found.
  Finished generating code
  Battleship_tryOuts.vcxproj -> C:\Users\kbald\Desktop\Projects\SDL2 PROJECTS\VS_sdl2_projects\Battleship_tryOuts\x64\Release\BattleShip.exe
