c:\users\isengard\desktop\projects\sdl2 projects\vs_sdl2_projects\battleship_tryouts\x64\release\raylib.dll
c:\users\isengard\desktop\projects\sdl2 projects\vs_sdl2_projects\battleship_tryouts\battleship_tryouts\x64\release\vc143.pdb
c:\users\isengard\desktop\projects\sdl2 projects\vs_sdl2_projects\battleship_tryouts\battleship_tryouts\x64\release\graphichandler.obj
c:\users\isengard\desktop\projects\sdl2 projects\vs_sdl2_projects\battleship_tryouts\battleship_tryouts\x64\release\squarelib.obj
c:\users\isengard\desktop\projects\sdl2 projects\vs_sdl2_projects\battleship_tryouts\battleship_tryouts\x64\release\mainloop.obj
c:\users\isengard\desktop\projects\sdl2 projects\vs_sdl2_projects\battleship_tryouts\battleship_tryouts\x64\release\game.obj
c:\users\isengard\desktop\projects\sdl2 projects\vs_sdl2_projects\battleship_tryouts\battleship_tryouts\x64\release\main.obj
c:\users\isengard\desktop\projects\sdl2 projects\vs_sdl2_projects\battleship_tryouts\x64\release\battleship.exe
c:\users\isengard\desktop\projects\sdl2 projects\vs_sdl2_projects\battleship_tryouts\x64\release\battleship.pdb
c:\users\isengard\desktop\projects\sdl2 projects\vs_sdl2_projects\battleship_tryouts\battleship_tryouts\x64\release\battleship.iobj
c:\users\isengard\desktop\projects\sdl2 projects\vs_sdl2_projects\battleship_tryouts\battleship_tryouts\x64\release\battleship_game.res
c:\users\isengard\desktop\projects\sdl2 projects\vs_sdl2_projects\battleship_tryouts\battleship_tryouts\x64\release\battleship.ipdb
c:\users\isengard\desktop\projects\sdl2 projects\vs_sdl2_projects\battleship_tryouts\battleship_tryouts\x64\release\battleship™.ipdb
c:\users\isengard\desktop\projects\sdl2 projects\vs_sdl2_projects\battleship_tryouts\battleship_tryouts\x64\release\battleship™.iobj
c:\users\isengard\desktop\projects\sdl2 projects\vs_sdl2_projects\battleship_tryouts\battleship_tryouts\x64\release\battleship.tlog\battleship.write.1u.tlog
c:\users\isengard\desktop\projects\sdl2 projects\vs_sdl2_projects\battleship_tryouts\battleship_tryouts\x64\release\battleship.tlog\cl.command.1.tlog
c:\users\isengard\desktop\projects\sdl2 projects\vs_sdl2_projects\battleship_tryouts\battleship_tryouts\x64\release\battleship.tlog\cl.read.1.tlog
c:\users\isengard\desktop\projects\sdl2 projects\vs_sdl2_projects\battleship_tryouts\battleship_tryouts\x64\release\battleship.tlog\cl.write.1.tlog
c:\users\isengard\desktop\projects\sdl2 projects\vs_sdl2_projects\battleship_tryouts\battleship_tryouts\x64\release\battleship.tlog\link.command.1.tlog
c:\users\isengard\desktop\projects\sdl2 projects\vs_sdl2_projects\battleship_tryouts\battleship_tryouts\x64\release\battleship.tlog\link.read.1.tlog
c:\users\isengard\desktop\projects\sdl2 projects\vs_sdl2_projects\battleship_tryouts\battleship_tryouts\x64\release\battleship.tlog\link.write.1.tlog
c:\users\isengard\desktop\projects\sdl2 projects\vs_sdl2_projects\battleship_tryouts\battleship_tryouts\x64\release\battleship.tlog\rc.command.1.tlog
c:\users\isengard\desktop\projects\sdl2 projects\vs_sdl2_projects\battleship_tryouts\battleship_tryouts\x64\release\battleship.tlog\rc.read.1.tlog
c:\users\isengard\desktop\projects\sdl2 projects\vs_sdl2_projects\battleship_tryouts\battleship_tryouts\x64\release\battleship.tlog\rc.write.1.tlog
