c:\users\isengard\desktop\projects\sdl2 projects\vs_sdl2_projects\battleship_tryouts\x64\debug\raylib.dll
c:\users\isengard\desktop\projects\sdl2 projects\vs_sdl2_projects\battleship_tryouts\battleship_tryouts\x64\debug\vc143.pdb
c:\users\isengard\desktop\projects\sdl2 projects\vs_sdl2_projects\battleship_tryouts\battleship_tryouts\x64\debug\vc143.idb
c:\users\isengard\desktop\projects\sdl2 projects\vs_sdl2_projects\battleship_tryouts\battleship_tryouts\x64\debug\game.obj
c:\users\isengard\desktop\projects\sdl2 projects\vs_sdl2_projects\battleship_tryouts\battleship_tryouts\x64\debug\squarelib.obj
c:\users\isengard\desktop\projects\sdl2 projects\vs_sdl2_projects\battleship_tryouts\battleship_tryouts\x64\debug\graphichandler.obj
c:\users\isengard\desktop\projects\sdl2 projects\vs_sdl2_projects\battleship_tryouts\battleship_tryouts\x64\debug\main.obj
c:\users\isengard\desktop\projects\sdl2 projects\vs_sdl2_projects\battleship_tryouts\battleship_tryouts\x64\debug\mainloop.obj
c:\users\isengard\desktop\projects\sdl2 projects\vs_sdl2_projects\battleship_tryouts\x64\debug\battleship_game.exe
c:\users\isengard\desktop\projects\sdl2 projects\vs_sdl2_projects\battleship_tryouts\battleship_tryouts\x64\debug\battleship_game.ilk
c:\users\isengard\desktop\projects\sdl2 projects\vs_sdl2_projects\battleship_tryouts\x64\debug\battleship_game.pdb
c:\users\isengard\desktop\projects\sdl2 projects\vs_sdl2_projects\battleship_tryouts\battleship_tryouts\x64\debug\battleship_game.res
c:\users\isengard\desktop\projects\sdl2 projects\vs_sdl2_projects\battleship_tryouts\battleship_tryouts\x64\debug\drawinglibcpp.obj
c:\users\isengard\desktop\projects\sdl2 projects\vs_sdl2_projects\battleship_tryouts\battleship_tryouts\x64\debug\ship.obj
c:\users\isengard\desktop\projects\sdl2 projects\vs_sdl2_projects\battleship_tryouts\battleship_tryouts\x64\debug\source.obj
c:\users\isengard\desktop\projects\sdl2 projects\vs_sdl2_projects\battleship_tryouts\battleship_tryouts\x64\debug\source1.obj
c:\users\isengard\desktop\projects\sdl2 projects\vs_sdl2_projects\battleship_tryouts\battleship_tryouts\x64\debug\battleship_game.tlog\battleship_game.write.1u.tlog
c:\users\isengard\desktop\projects\sdl2 projects\vs_sdl2_projects\battleship_tryouts\battleship_tryouts\x64\debug\battleship_game.tlog\cl.command.1.tlog
c:\users\isengard\desktop\projects\sdl2 projects\vs_sdl2_projects\battleship_tryouts\battleship_tryouts\x64\debug\battleship_game.tlog\cl.read.1.tlog
c:\users\isengard\desktop\projects\sdl2 projects\vs_sdl2_projects\battleship_tryouts\battleship_tryouts\x64\debug\battleship_game.tlog\cl.write.1.tlog
c:\users\isengard\desktop\projects\sdl2 projects\vs_sdl2_projects\battleship_tryouts\battleship_tryouts\x64\debug\battleship_game.tlog\link.command.1.tlog
c:\users\isengard\desktop\projects\sdl2 projects\vs_sdl2_projects\battleship_tryouts\battleship_tryouts\x64\debug\battleship_game.tlog\link.read.1.tlog
c:\users\isengard\desktop\projects\sdl2 projects\vs_sdl2_projects\battleship_tryouts\battleship_tryouts\x64\debug\battleship_game.tlog\link.write.1.tlog
c:\users\isengard\desktop\projects\sdl2 projects\vs_sdl2_projects\battleship_tryouts\battleship_tryouts\x64\debug\battleship_game.tlog\rc.command.1.tlog
c:\users\isengard\desktop\projects\sdl2 projects\vs_sdl2_projects\battleship_tryouts\battleship_tryouts\x64\debug\battleship_game.tlog\rc.read.1.tlog
c:\users\isengard\desktop\projects\sdl2 projects\vs_sdl2_projects\battleship_tryouts\battleship_tryouts\x64\debug\battleship_game.tlog\rc.write.1.tlog
